Arguments: 
  C:\Program Files\nodejs\node.exe C:\Program Files (x86)\Yarn\bin\yarn.js

PATH: 
  C:\Users\agyei\bin;C:\Program Files\Git\mingw64\bin;C:\Program Files\Git\usr\local\bin;C:\Program Files\Git\usr\bin;C:\Program Files\Git\usr\bin;C:\Program Files\Git\mingw64\bin;C:\Program Files\Git\usr\bin;C:\Users\agyei\bin;C:\WINDOWS\system32;C:\WINDOWS;C:\WINDOWS\System32\Wbem;C:\WINDOWS\System32\WindowsPowerShell\v1.0;C:\WINDOWS\System32\OpenSSH;C:\Program Files (x86)\Microsoft SQL Server\160\Tools\Binn;C:\Program Files\Microsoft SQL Server\160\Tools\Binn;C:\Program Files\Microsoft SQL Server\Client SDK\ODBC\170\Tools\Binn;C:\Program Files\Microsoft SQL Server\160\DTS\Binn;C:\Program Files (x86)\Microsoft SQL Server\160\DTS\Binn;C:\Program Files\Azure Data Studio\bin;C:\Program Files\Git\cmd;C:\Program Files\nodejs;C:\Program Files (x86)\Yarn\bin;C:\Users\agyei\AppData\Local\Microsoft\WindowsApps;C:\Program Files\Azure Data Studio\bin;C:\Users\agyei\AppData\Local\Programs\Microsoft VS Code\bin;C:\Users\agyei\AppData\Roaming\npm;C:\Users\agyei\AppData\Local\Yarn\bin;C:\Program Files\Git\usr\bin\vendor_perl;C:\Program Files\Git\usr\bin\core_perl

Yarn version: 
  1.22.19

Node version: 
  20.11.1

Platform: 
  win32 x64

Trace: 
  Error: read ECONNRESET
      at TLSWrap.onStreamRead (node:internal/stream_base_commons:217:20)

npm manifest: 
  {
    "name": "ycem",
    "version": "0.1.0",
    "private": true,
    "scripts": {
      "dev": "next dev",
      "build": "next build",
      "start": "next start",
      "lint": "next lint"
    },
    "husky": {
      "hooks": {
        "pre-push": "npm run lint || (echo \"Linting failed. Please fix the issues before pushing.\" && exit 1)"
      }
    },
    "dependencies": {
      "@emailjs/browser": "^3.11.0",
      "@fortawesome/fontawesome-svg-core": "^6.4.2",
      "@fortawesome/free-brands-svg-icons": "^6.4.2",
      "@fortawesome/free-regular-svg-icons": "^6.4.2",
      "@fortawesome/free-solid-svg-icons": "^6.4.2",
      "@fortawesome/react-fontawesome": "^0.2.0",
      "@types/node": "20.4.8",
      "@types/react": "18.2.18",
      "@types/react-dom": "18.2.7",
      "autoprefixer": "10.4.14",
      "babel-plugin-styled-components": "^2.1.4",
      "eslint": "8.46.0",
      "eslint-config-next": "13.4.13",
      "next": "13.4.13",
      "next-seo": "^6.1.0",
      "react": "18.2.0",
      "react-dom": "18.2.0",
      "styled-components": "^6.0.7",
      "tailwindcss": "3.3.3",
      "typescript": "5.1.6",
      "usehooks-ts": "^2.9.1"
    },
    "devDependencies": {
      "husky": "^8.0.3"
    }
  }

yarn manifest: 
  No manifest

Lockfile: 
  No lockfile
